0 info it worked if it ends with ok
1 verbose cli [ '/usr/bin/node', '/usr/bin/npm', 'run', 'package-linux' ]
2 info using npm@3.5.2
3 info using node@v8.10.0
4 verbose run-script [ 'prepackage-linux', 'package-linux', 'postpackage-linux' ]
5 info lifecycle calendarNotes@1.0.0~prepackage-linux: calendarNotes@1.0.0
6 silly lifecycle calendarNotes@1.0.0~prepackage-linux: no script for prepackage-linux, continuing
7 info lifecycle calendarNotes@1.0.0~package-linux: calendarNotes@1.0.0
8 verbose lifecycle calendarNotes@1.0.0~package-linux: unsafe-perm in lifecycle true
9 verbose lifecycle calendarNotes@1.0.0~package-linux: PATH: /usr/share/npm/bin/node-gyp-bin:/home/dave/gitWorkspace/CalendarNotes/node_modules/.bin:/home/dave/.local/bin:/usr/local/sbin:/usr/local/bin:/usr/sbin:/usr/bin:/sbin:/bin:/usr/games:/usr/local/games:/snap/bin:/home/dave/.dotnet/tools
10 verbose lifecycle calendarNotes@1.0.0~package-linux: CWD: /home/dave/gitWorkspace/CalendarNotes
11 silly lifecycle calendarNotes@1.0.0~package-linux: Args: [ '-c',
11 silly lifecycle   'electron-packager . CalendarNotes --overwrite --asar=true --platform=linux --arch=x64 --icon=assets/icons/png/calendarNotes.png --prune=true --out=release-builds' ]
12 info lifecycle calendarNotes@1.0.0~package-linux: Failed to exec package-linux script
13 verbose stack Error: calendarNotes@1.0.0 package-linux: `electron-packager . CalendarNotes --overwrite --asar=true --platform=linux --arch=x64 --icon=assets/icons/png/calendarNotes.png --prune=true --out=release-builds`
13 verbose stack spawn ENOENT
13 verbose stack     at ChildProcess.<anonymous> (/usr/share/npm/lib/utils/spawn.js:17:16)
13 verbose stack     at emitTwo (events.js:126:13)
13 verbose stack     at ChildProcess.emit (events.js:214:7)
13 verbose stack     at maybeClose (internal/child_process.js:925:16)
13 verbose stack     at Process.ChildProcess._handle.onexit (internal/child_process.js:209:5)
14 verbose pkgid calendarNotes@1.0.0
15 verbose cwd /home/dave/gitWorkspace/CalendarNotes
16 error Linux 5.0.0-37-generic
17 error argv "/usr/bin/node" "/usr/bin/npm" "run" "package-linux"
18 error node v8.10.0
19 error npm  v3.5.2
20 error file sh
21 error code ELIFECYCLE
22 error errno ENOENT
23 error syscall spawn
24 error calendarNotes@1.0.0 package-linux: `electron-packager . CalendarNotes --overwrite --asar=true --platform=linux --arch=x64 --icon=assets/icons/png/calendarNotes.png --prune=true --out=release-builds`
24 error spawn ENOENT
25 error Failed at the calendarNotes@1.0.0 package-linux script 'electron-packager . CalendarNotes --overwrite --asar=true --platform=linux --arch=x64 --icon=assets/icons/png/calendarNotes.png --prune=true --out=release-builds'.
25 error Make sure you have the latest version of node.js and npm installed.
25 error If you do, this is most likely a problem with the calendarNotes package,
25 error not with npm itself.
25 error Tell the author that this fails on your system:
25 error     electron-packager . CalendarNotes --overwrite --asar=true --platform=linux --arch=x64 --icon=assets/icons/png/calendarNotes.png --prune=true --out=release-builds
25 error You can get information on how to open an issue for this project with:
25 error     npm bugs calendarNotes
25 error Or if that isn't available, you can get their info via:
25 error     npm owner ls calendarNotes
25 error There is likely additional logging output above.
26 verbose exit [ 1, true ]
